0.008408, 28623
0.011365, 27488
0.01574, 26058
0.018623, 24808
0.021648, 23574
0.024569, 22410
0.02741, 22152
0.030219, 21480
0.033035, 20297
0.035867, 20134
0.047122, 19268
0.049935, 18551
0.058447, 17564
0.061276, 17554
0.064143, 16882
0.066985, 16138
0.069837, 15481
0.072687, 14894
0.0812, 14386
0.084044, 13841
0.089701, 13269
0.095279, 12836
0.098138, 12378
0.100937, 12015
0.118727, 11628
0.121695, 11198
0.124504, 10986
0.127306, 10707
0.13018, 10479
0.133036, 10300
0.135861, 10129
0.144282, 9966
0.147122, 9847
0.14992, 9660
0.152658, 9547
0.155467, 9323
0.158273, 9125
0.172258, 9051
0.17505, 8954
0.177845, 8866
0.186273, 8788
0.189053, 8721
0.200235, 8627
0.203048, 8593
0.211381, 8506
0.225583, 8489
53.4549, 8484
577.832, 8479
