0.002749, 28889
0.005619, 27129
0.008504, 25126
0.014182, 23356
0.017061, 21211
0.022542, 20338
0.025358, 19863
0.028166, 19132
0.030985, 18238
0.033858, 17577
0.03664, 17483
0.039478, 16791
0.04509, 16079
0.0479, 15854
0.050776, 15232
0.053661, 14649
0.05648, 14098
0.059305, 13461
0.064911, 12939
0.067703, 12435
0.070521, 12076
0.076198, 11987
0.079057, 11633
0.081837, 11303
0.084641, 11023
0.093148, 10793
0.09881, 10555
0.104425, 10393
0.110088, 10154
0.118548, 9946
0.127048, 9944
0.132515, 9645
0.138167, 9466
0.149346, 9312
0.154979, 9159
0.169239, 9014
0.174901, 8919
0.180523, 8815
0.183347, 8713
0.186152, 8644
0.188976, 8542
0.200192, 8462
0.208724, 8379
0.21445, 8341
0.217329, 8306
0.220192, 8236
0.223043, 8188
0.225906, 8160
0.228808, 8092
0.231713, 8063
0.240245, 8047
0.243077, 8045
0.248934, 8040
24.5857, 8019
