0.005468, 28193
0.008336, 26382
0.011234, 25638
0.01397, 24493
0.016947, 23462
0.019619, 22294
0.022929, 21373
0.026215, 19986
0.029226, 19113
0.032324, 17921
0.035364, 17145
0.039085, 16379
0.043307, 15610
0.046855, 14844
0.049944, 14360
0.052932, 13795
0.061671, 13270
0.064425, 12844
0.073075, 12450
0.075952, 12132
0.098805, 11864
0.101575, 11600
0.115826, 11287
0.118679, 10992
0.132896, 10841
0.138547, 10515
0.14134, 10356
0.161013, 10148
0.163862, 9998
0.166675, 9745
0.169522, 9601
0.184055, 9468
0.19818, 9329
0.201016, 9198
0.206715, 9116
0.209505, 9074
0.212353, 9056
0.220855, 8979
0.223739, 8845
0.23982, 8761
0.245526, 8744
0.248435, 8703
0.256733, 8682
0.259835, 8677
0.265621, 8669
0.276672, 8656
0.279607, 8633
57.4139, 8442
