0.005688, 28600
0.008534, 26951
0.011451, 25147
0.014305, 23445
0.017093, 22571
0.0199, 22371
0.022872, 21403
0.025734, 20383
0.03141, 19394
0.034233, 18750
0.037042, 17892
0.042608, 17124
0.045401, 16476
0.048256, 16079
0.051138, 15342
0.065283, 14935
0.068208, 14352
0.073923, 13756
0.076585, 13317
0.079403, 12886
0.087869, 12277
0.096551, 11819
0.105026, 11409
0.110789, 10995
0.113683, 10644
0.121969, 10263
0.138795, 9967
0.147328, 9789
0.150193, 9624
0.155753, 9395
0.161414, 9219
0.172763, 9120
0.175567, 9033
0.178472, 8973
0.181399, 8904
0.192666, 8882
0.198351, 8772
0.201175, 8719
0.209512, 8688
0.218048, 8672
0.221071, 8577
0.226715, 8556
0.229558, 8537
0.232419, 8447
0.235234, 8397
0.238062, 8340
0.24084, 8142
0.243701, 8133
0.25824, 8102
0.266645, 8074
0.269495, 8053
