0.008571, 29051
0.011614, 28660
0.014422, 26701
0.017252, 25660
0.020056, 24263
0.022835, 23567
0.025603, 22114
0.028475, 21705
0.031315, 20571
0.034109, 19507
0.036824, 18554
0.039558, 17734
0.042362, 16883
0.045143, 16055
0.048028, 15354
0.050862, 14572
0.053716, 13967
0.059351, 13426
0.062143, 13094
0.067761, 12575
0.070611, 12147
0.073412, 11834
0.076228, 11519
0.090258, 11183
0.095815, 10919
0.098845, 10692
0.104617, 10351
0.107438, 10139
0.110275, 9985
0.113155, 9819
0.121659, 9557
0.127349, 9424
0.130194, 9333
0.133046, 9244
0.135921, 9193
0.141522, 9088
0.147163, 9017
0.158493, 8840
0.161334, 8784
0.164233, 8722
0.16991, 8658
0.172859, 8629
0.175694, 8601
0.181337, 8530
0.184207, 8384
0.18991, 8352
0.195597, 8325
0.198419, 8267
0.204116, 8234
0.207013, 8142
0.209818, 8131
0.212543, 8110
0.215329, 7848
0.218211, 7836
0.232625, 7829
0.238342, 7810
0.241273, 7807
280.468, 7798
