0.002732, 27955
0.005551, 26542
0.008429, 25833
0.011281, 24211
0.014088, 23057
0.019569, 21778
0.022373, 21195
0.02517, 20233
0.027963, 19234
0.030718, 18076
0.039109, 17182
0.044754, 16512
0.047622, 16389
0.053239, 15704
0.056063, 15075
0.075821, 14414
0.084324, 13825
0.087182, 13524
0.089998, 13021
0.092802, 12734
0.095623, 12266
0.101206, 11879
0.106877, 11423
0.109745, 11226
0.112577, 10997
0.115409, 10804
0.121019, 10416
0.123827, 10238
0.129338, 10118
0.14073, 9984
0.146428, 9855
0.14921, 9756
0.152077, 9405
0.166226, 9278
0.171853, 9199
0.180448, 9131
0.183252, 8964
0.191576, 8869
0.205682, 8800
0.208518, 8728
0.211337, 8640
0.214143, 8585
0.21985, 8532
0.225604, 8437
0.228493, 8387
0.23141, 8335
0.239953, 8230
0.242813, 8219
0.25401, 8170
0.256764, 8142
0.259672, 8121
0.262558, 8100
269.51, 8085
269.514, 8077
269.518, 8069
269.527, 7989
579.334, 7985
