0.003173, 28864
0.006167, 27053
0.008869, 25486
0.011781, 23999
0.017601, 23441
0.020444, 22295
0.023205, 21312
0.025941, 20292
0.028776, 19147
0.036851, 18148
0.03954, 17905
0.044923, 17168
0.053443, 16325
0.056271, 15582
0.059029, 15358
0.061925, 14813
0.064682, 14308
0.07034, 13878
0.073051, 13550
0.075703, 13138
0.081287, 12854
0.084053, 12533
0.086874, 12178
0.08976, 11852
0.092456, 11571
0.098111, 11280
0.100889, 11079
0.109297, 10781
0.114978, 10531
0.120636, 10310
0.123458, 10139
0.126235, 9904
0.1318, 9780
0.137309, 9646
0.140111, 9479
0.142908, 9362
0.148455, 9323
0.15125, 9056
0.15687, 8926
0.17095, 8802
0.173825, 8667
0.187841, 8526
0.193685, 8322
0.199362, 8209
0.202108, 8118
0.210645, 8067
0.213494, 8026
0.222093, 7969
0.227778, 7940
0.247624, 7905
0.253193, 7888
0.25627, 7883
12.0814, 7841
12.0845, 7728
129.693, 7688
129.699, 7601
141.815, 7549
262.171, 7547
262.182, 7526
