0.005674, 28780
0.008395, 26976
0.011113, 25556
0.013935, 24411
0.017288, 23946
0.020321, 23781
0.027428, 22510
0.030277, 21465
0.033109, 20393
0.038659, 19409
0.041524, 18427
0.044304, 17703
0.050006, 17472
0.053098, 16307
0.055964, 15591
0.058832, 14717
0.061623, 14265
0.064421, 13813
0.074471, 13203
0.086541, 12740
0.095123, 12420
0.100755, 12068
0.120591, 11785
0.126298, 11485
0.140341, 11295
0.14599, 10975
0.148833, 10837
0.151612, 10591
0.160102, 10562
0.16299, 10256
0.177058, 10098
0.1855, 10018
0.202313, 9851
0.20513, 9715
0.207928, 9592
0.210775, 9469
0.233634, 9089
0.236489, 9016
0.239328, 8938
0.242185, 8670
0.247893, 8601
0.250625, 8539
0.253564, 8462
0.256478, 8407
0.259353, 8354
216.054, 8338
216.065, 8292
216.068, 8214
216.071, 8162
