0.005587, 28004
0.00839, 25826
0.011254, 24588
0.014051, 23175
0.016801, 21928
0.01962, 20820
0.022346, 20076
0.025185, 19172
0.028005, 18437
0.030708, 17596
0.036331, 16715
0.041622, 15821
0.044257, 15262
0.052568, 15149
0.055376, 14291
0.060843, 13740
0.069531, 13262
0.076424, 12539
0.082108, 12121
0.084921, 11800
0.11038, 11501
0.113236, 11174
0.116101, 10824
0.118924, 10674
0.127459, 10456
0.141632, 10169
0.144439, 9915
0.150092, 9753
0.152852, 9617
0.155747, 9447
0.158549, 9310
0.16139, 9175
0.164229, 9053
0.169908, 8983
0.178396, 8856
0.184025, 8820
0.19531, 8755
0.203653, 8665
0.214783, 8629
0.22046, 8603
0.226233, 8579
72.0958, 8576
72.1016, 8557
72.1071, 8518
72.11, 8513
72.1157, 8475
82.1988, 8473
