0.00269, 5255
0.006067, 5100
0.013783, 4962
0.013803, 4911
0.019803, 4849
0.021491, 4581
0.022967, 4429
0.022975, 4417
0.025918, 4401
0.026637, 4335
0.028446, 4332
0.029002, 4318
0.029716, 4310
0.029827, 4249
0.030008, 4248
0.030753, 4247
0.030892, 4246
0.031086, 4244
0.03146, 4205
0.035262, 4204
1.47464, 4195
1.47835, 4193
1.47866, 4191
1.58674, 4187
1.6826, 4168
1.68347, 4144
1.6838, 4105
2.9435, 4081
2.94396, 4079
2.94443, 4041
2.94793, 4040
2.95034, 4039
2.951, 4037
2.95122, 4036
2.95129, 4035
3.04814, 4005
3.04818, 3990
3.04907, 3965
4.33052, 3964
4.43747, 3930
4.43751, 3929
4.44294, 3927
4.44421, 3924
4.53896, 3920
4.54493, 3919
4.54604, 3918
4.64088, 3902
4.64221, 3901
4.6429, 3899
4.6432, 3898
4.64434, 3896
4.64549, 3895
4.64573, 3894
4.64631, 3893
4.74287, 3890
4.74377, 3881
4.74854, 3851
4.75024, 3848
4.84724, 3834
4.85013, 3771
4.85164, 3763
4.85291, 3762
8.36698, 3753
8.3672, 3751
8.56583, 3744
8.56586, 3704
8.56944, 3703
8.57017, 3701
8.57068, 3700
8.57079, 3699
10.9233, 3684
11.0211, 3667
11.0237, 3648
11.0275, 3647
11.0279, 3646
11.0281, 3645
11.0281, 3644
11.0282, 3643
11.5229, 3642
11.6183, 3615
11.6186, 3613
11.6186, 3576
11.7157, 3569
11.7169, 3562
11.7169, 3537
11.7184, 3500
11.7185, 3499
11.7195, 3497
30.6041, 3478
30.6048, 3476
30.606, 3472
31.4255, 3462
31.4262, 3451
31.4262, 3410
31.4302, 3409
31.5262, 3367
31.63, 3341
31.6305, 3339
31.6326, 3336
31.7436, 3310
31.7441, 3305
31.7462, 3299
31.7466, 3298
31.7472, 3297
31.8481, 3262
31.8515, 3199
31.8555, 3198
31.856, 3196
32.0693, 3160
32.0757, 3159
