0.009616, 9141
0.011104, 9138
0.012011, 9133
0.020444, 9132
0.021328, 9124
0.022397, 9118
0.023084, 9109
0.023515, 9034
0.024846, 9010
0.025228, 9009
0.026246, 9000
0.027497, 8913
0.028869, 8911
0.029875, 8839
0.031378, 8829
0.033029, 8792
0.035331, 8767
0.035711, 8713
0.036375, 8621
0.037876, 8550
0.038783, 8428
0.039182, 8416
0.045507, 8404
0.045773, 8244
0.048896, 8126
0.049323, 8119
0.049431, 8104
0.052604, 8100
0.052824, 8025
0.054115, 7982
0.060118, 7980
0.06556, 7953
0.070543, 7944
0.070847, 7898
0.071958, 7893
0.092319, 7875
0.100689, 7872
0.113504, 7869
0.115277, 7811
0.120642, 7808
0.14749, 7803
0.165684, 7796
0.165909, 7790
0.170914, 7771
0.171477, 7729
0.173845, 7721
0.177941, 7709
0.179686, 7639
0.188384, 7573
0.19864, 7542
0.210639, 7429
0.211586, 7403
0.215118, 7385
0.266466, 7366
0.283464, 7351
0.287874, 7341
0.294498, 7267
0.296743, 7252
0.313678, 7242
0.323482, 7220
0.336211, 7205
0.545265, 7186
