0.005167, 3643
0.005206, 7792
0.005217, 7805
0.005226, 8474
0.005241, 8586
0.005252, 8899
0.005263, 8905
0.005273, 9938
0.005286, 10779
0.005298, 10848
0.005311, 10874
0.005325, 10928
0.005344, 11025
0.00536, 11099
0.005381, 11110
0.005399, 11168
0.005414, 11168
0.005432, 11170
0.005454, 11208
0.005472, 11274
0.00549, 11276
0.005509, 11278
0.005528, 11582
0.005549, 11604
0.00557, 11627
0.005592, 11778
0.00562, 12077
0.005643, 12156
0.005666, 12838
0.005689, 12851
0.005716, 13277
0.00574, 13291
0.005765, 13457
0.00579, 13680
0.005815, 14080
0.005841, 14402
0.005869, 14663
0.005896, 15341
0.005932, 15622
0.005961, 15744
0.00599, 15791
0.00602, 15931
0.006051, 15947
0.006082, 15965
0.006113, 15996
0.00615, 16141
0.00618, 16441
0.006212, 16904
0.006244, 17527
0.006276, 17579
0.006309, 17602
0.006341, 17850
0.006372, 17887
0.006406, 17897
0.006441, 17974
0.006492, 17974
0.00653, 18335
0.006567, 18543
0.006604, 18544
0.00664, 19104
0.006677, 20046
0.006715, 20051
0.006753, 20098
0.006793, 20128
0.006833, 20172
0.006873, 20345
0.006913, 20408
0.006954, 20678
0.006995, 21046
0.007035, 21375
0.007077, 21625
0.007121, 21806
0.007164, 22012
0.007206, 22263
0.007249, 22442
0.007294, 22525
0.007339, 22527
0.007385, 22859
0.007458, 22913
0.007506, 23093
0.007552, 23096
0.007598, 23741
0.007643, 24231
0.007692, 24404
0.00774, 24745
0.007789, 25169
0.007837, 25676
0.007885, 25810
0.007933, 26100
0.007984, 26213
0.008033, 26656
0.008082, 26935
0.008133, 27030
0.008181, 27285
0.008232, 27537
0.008281, 28198
0.008329, 28479
0.008386, 28523
